<?xml version="1.0" encoding="UTF-8"?>
<!-- Generated by org.testng.reporters.JUnitReportReporter -->
<testsuite skipped="0" hostname="bantam-PC" name="my.initial.project.selenium.jenkins.AppTest" tests="1" failures="0" timestamp="15 May 2018 17:31:30 GMT" time="0.020" errors="0">
  <testcase name="testApp" time="0.020" classname="my.initial.project.selenium.jenkins.AppTest"/>
</testsuite> <!-- my.initial.project.selenium.jenkins.AppTest -->
