<?xml version="1.0" encoding="UTF-8"?>
<!-- Generated by org.testng.reporters.JUnitReportReporter -->
<testsuite skipped="0" hostname="bantam-PC" name="my.initial.project.selenium.jenkins.BrowserStackTestNGTest" tests="1" failures="0" timestamp="07 May 2018 21:01:56 GMT" time="22.163" errors="0">
  <testcase name="test" time="22.163" classname="my.initial.project.selenium.jenkins.BrowserStackTestNGTest"/>
</testsuite> <!-- my.initial.project.selenium.jenkins.BrowserStackTestNGTest -->
