<?xml version="1.0" encoding="UTF-8"?>
<!-- Generated by org.testng.reporters.JUnitReportReporter -->
<testsuite skipped="0" hostname="bantam-PC" name="my.initial.project.selenium.jenkins.BSTNG" tests="1" failures="0" timestamp="15 May 2018 17:06:08 GMT" time="11.757" errors="0">
  <testcase name="test" time="11.757" classname="my.initial.project.selenium.jenkins.BSTNG"/>
</testsuite> <!-- my.initial.project.selenium.jenkins.BSTNG -->
