<?xml version="1.0" encoding="UTF-8"?>
<!-- Generated by org.testng.reporters.JUnitReportReporter -->
<testsuite skipped="0" hostname="bantam-PC" name="my.initial.project.selenium.jenkins.test" tests="1" failures="0" timestamp="16 May 2018 17:08:26 GMT" time="9.311" errors="0">
  <testcase name="test" time="9.311" classname="my.initial.project.selenium.jenkins.test"/>
</testsuite> <!-- my.initial.project.selenium.jenkins.test -->
