<?xml version="1.0" encoding="UTF-8"?>
<!-- Generated by org.testng.reporters.JUnitReportReporter -->
<testsuite skipped="0" hostname="bantam-PC" name="my.initial.project.selenium.jenkins.TestRunner" tests="1" failures="0" timestamp="16 May 2018 16:02:52 GMT" time="14.904" errors="0">
  <testcase name="feature" time="14.904" classname="my.initial.project.selenium.jenkins.TestRunner"/>
</testsuite> <!-- my.initial.project.selenium.jenkins.TestRunner -->
