<?xml version="1.0" encoding="UTF-8"?>
<!-- Generated by org.testng.reporters.JUnitReportReporter -->
<testsuite skipped="0" hostname="bantam-PC" name="my.initial.project.selenium.jenkins.firstTests" tests="1" failures="0" timestamp="16 May 2018 15:53:38 GMT" time="0.582" errors="0">
  <testcase name="openBrowser" time="0.582" classname="my.initial.project.selenium.jenkins.firstTests"/>
</testsuite> <!-- my.initial.project.selenium.jenkins.firstTests -->
